[1/7] Performing build step for 'bootloader'
[1/1] cmd.exe /C "cd /D C:\Users\kayqu\OBSAT-2023\Firmware\build\bootloader\esp-idf\esptool_py && C:\Espressif\python_env\idf5.0_py3.8_env\Scripts\python.exe C:/Espressif/frameworks/esp-idf-v5.0.1/components/partition_table/check_sizes.py --offset 0x8000 bootloader 0x1000 C:/Users/kayqu/OBSAT-2023/Firmware/build/bootloader/bootloader.bin"
Bootloader binary size 0x6710 bytes. 0x8f0 bytes (8%) free.
[2/5] Linking CXX executable Firmware.elf
FAILED: Firmware.elf 
cmd.exe /C "cd . && C:\Espressif\tools\xtensa-esp32-elf\esp-2022r1-11.2.0\xtensa-esp32-elf\bin\xtensa-esp32-elf-g++.exe -mlongcalls -Wno-frame-address  @CMakeFiles\Firmware.elf.rsp -o Firmware.elf  && cd ."
c:/espressif/tools/xtensa-esp32-elf/esp-2022r1-11.2.0/xtensa-esp32-elf/bin/../lib/gcc/xtensa-esp32-elf/11.2.0/../../../../xtensa-esp32-elf/bin/ld.exe: esp-idf/main/libmain.a(i2c.c.obj):C:/Users/kayqu/OBSAT-2023/Firmware/main/sensores/sensores_i2c/i2c.c:36: multiple definition of `temperatura'; esp-idf/main/libmain.a(main.c.obj):C:/Users/kayqu/OBSAT-2023/Firmware/main/main.c:38: first defined here
collect2.exe: error: ld returned 1 exit status
ninja: build stopped: subcommand failed.
